<?xml version="1.0" encoding="UTF-8"?>
<!-- Generated by org.testng.reporters.JUnitXMLReporter -->
<testsuite ignored="0" hostname="DESKTOP-8I8VLRQ" failures="0" tests="4" name="Default test" time="8.261" errors="0" timestamp="2023-09-19T21:25:49 IST">
  <testcase classname="api.test.UserTests" name="testPostUser" time="2.929"/>
  <testcase classname="api.test.UserTests" name="testGetUser" time="1.243"/>
  <testcase classname="api.test.UserTests" name="testPutUser" time="2.249"/>
  <testcase classname="api.test.UserTests" name="testDeleteUser" time="1.134"/>
</testsuite> <!-- Default test -->
