<?xml version="1.0" encoding="UTF-8"?>
<testng-results ignored="0" total="10" passed="10" failed="0" skipped="0">
  <reporter-output>
  </reporter-output>
  <suite started-at="2023-09-26T12:42:44 IST" name="PetSuite" finished-at="2023-09-26T12:43:00 IST" duration-ms="16250">
    <groups>
    </groups>
    <test started-at="2023-09-26T12:42:44 IST" name="PetTest" finished-at="2023-09-26T12:43:00 IST" duration-ms="16250">
      <class name="api.test.UserTests2">
        <test-method is-config="true" signature="setupData()[pri:0, instance:api.test.UserTests2@3d51f06e]" started-at="2023-09-26T12:42:44 IST" name="setupData" finished-at="2023-09-26T12:42:44 IST" duration-ms="553" status="PASS">
          <reporter-output>
          </reporter-output>
        </test-method> <!-- setupData -->
        <test-method signature="testPostUser()[pri:1, instance:api.test.UserTests2@3d51f06e]" started-at="2023-09-26T12:42:44 IST" name="testPostUser" finished-at="2023-09-26T12:42:47 IST" duration-ms="2681" status="PASS">
          <reporter-output>
          </reporter-output>
        </test-method> <!-- testPostUser -->
        <test-method signature="testGetUser()[pri:2, instance:api.test.UserTests2@3d51f06e]" started-at="2023-09-26T12:42:47 IST" name="testGetUser" finished-at="2023-09-26T12:42:48 IST" duration-ms="1173" status="PASS">
          <reporter-output>
          </reporter-output>
        </test-method> <!-- testGetUser -->
        <test-method signature="testPutUser()[pri:3, instance:api.test.UserTests2@3d51f06e]" started-at="2023-09-26T12:42:48 IST" name="testPutUser" finished-at="2023-09-26T12:42:51 IST" duration-ms="2238" status="PASS">
          <reporter-output>
          </reporter-output>
        </test-method> <!-- testPutUser -->
        <test-method signature="testDeleteUser()[pri:4, instance:api.test.UserTests2@3d51f06e]" started-at="2023-09-26T12:42:51 IST" name="testDeleteUser" finished-at="2023-09-26T12:42:52 IST" duration-ms="1173" status="PASS">
          <reporter-output>
          </reporter-output>
        </test-method> <!-- testDeleteUser -->
      </class> <!-- api.test.UserTests2 -->
      <class name="api.test.DDTests">
        <test-method signature="testPostUser(java.lang.String,java.lang.String,java.lang.String,java.lang.String,java.lang.String,java.lang.String,java.lang.String)[pri:1, instance:api.test.DDTests@130161f7]" started-at="2023-09-26T12:42:53 IST" name="testPostUser" data-provider="Data" finished-at="2023-09-26T12:42:54 IST" duration-ms="1190" status="PASS">
          <params>
            <param index="0">
              <value>
                <![CDATA[1010]]>
              </value>
            </param>
            <param index="1">
              <value>
                <![CDATA[testuser1]]>
              </value>
            </param>
            <param index="2">
              <value>
                <![CDATA[Silk]]>
              </value>
            </param>
            <param index="3">
              <value>
                <![CDATA[Sen]]>
              </value>
            </param>
            <param index="4">
              <value>
                <![CDATA[a@gmail.com]]>
              </value>
            </param>
            <param index="5">
              <value>
                <![CDATA[test@1]]>
              </value>
            </param>
            <param index="6">
              <value>
                <![CDATA[123456]]>
              </value>
            </param>
          </params>
          <reporter-output>
          </reporter-output>
        </test-method> <!-- testPostUser -->
        <test-method signature="testPostUser(java.lang.String,java.lang.String,java.lang.String,java.lang.String,java.lang.String,java.lang.String,java.lang.String)[pri:1, instance:api.test.DDTests@130161f7]" started-at="2023-09-26T12:42:54 IST" name="testPostUser" data-provider="Data" finished-at="2023-09-26T12:42:55 IST" duration-ms="1142" status="PASS">
          <params>
            <param index="0">
              <value>
                <![CDATA[1020]]>
              </value>
            </param>
            <param index="1">
              <value>
                <![CDATA[testuser2]]>
              </value>
            </param>
            <param index="2">
              <value>
                <![CDATA[Montu]]>
              </value>
            </param>
            <param index="3">
              <value>
                <![CDATA[Roy]]>
              </value>
            </param>
            <param index="4">
              <value>
                <![CDATA[b@gmail.com]]>
              </value>
            </param>
            <param index="5">
              <value>
                <![CDATA[test@2]]>
              </value>
            </param>
            <param index="6">
              <value>
                <![CDATA[234567]]>
              </value>
            </param>
          </params>
          <reporter-output>
          </reporter-output>
        </test-method> <!-- testPostUser -->
        <test-method signature="testPostUser(java.lang.String,java.lang.String,java.lang.String,java.lang.String,java.lang.String,java.lang.String,java.lang.String)[pri:1, instance:api.test.DDTests@130161f7]" started-at="2023-09-26T12:42:55 IST" name="testPostUser" data-provider="Data" finished-at="2023-09-26T12:42:56 IST" duration-ms="1126" status="PASS">
          <params>
            <param index="0">
              <value>
                <![CDATA[1030]]>
              </value>
            </param>
            <param index="1">
              <value>
                <![CDATA[testuser3]]>
              </value>
            </param>
            <param index="2">
              <value>
                <![CDATA[Goldu]]>
              </value>
            </param>
            <param index="3">
              <value>
                <![CDATA[Saha]]>
              </value>
            </param>
            <param index="4">
              <value>
                <![CDATA[c@gmail.com]]>
              </value>
            </param>
            <param index="5">
              <value>
                <![CDATA[test@3]]>
              </value>
            </param>
            <param index="6">
              <value>
                <![CDATA[345678]]>
              </value>
            </param>
          </params>
          <reporter-output>
          </reporter-output>
        </test-method> <!-- testPostUser -->
        <test-method signature="testDeleteUserByName(java.lang.String)[pri:2, instance:api.test.DDTests@130161f7]" started-at="2023-09-26T12:42:56 IST" name="testDeleteUserByName" data-provider="UserNames" finished-at="2023-09-26T12:42:58 IST" duration-ms="1130" status="PASS">
          <params>
            <param index="0">
              <value>
                <![CDATA[testuser1]]>
              </value>
            </param>
          </params>
          <reporter-output>
          </reporter-output>
        </test-method> <!-- testDeleteUserByName -->
        <test-method signature="testDeleteUserByName(java.lang.String)[pri:2, instance:api.test.DDTests@130161f7]" started-at="2023-09-26T12:42:58 IST" name="testDeleteUserByName" data-provider="UserNames" finished-at="2023-09-26T12:42:59 IST" duration-ms="1144" status="PASS">
          <params>
            <param index="0">
              <value>
                <![CDATA[testuser2]]>
              </value>
            </param>
          </params>
          <reporter-output>
          </reporter-output>
        </test-method> <!-- testDeleteUserByName -->
        <test-method signature="testDeleteUserByName(java.lang.String)[pri:2, instance:api.test.DDTests@130161f7]" started-at="2023-09-26T12:42:59 IST" name="testDeleteUserByName" data-provider="UserNames" finished-at="2023-09-26T12:43:00 IST" duration-ms="1157" status="PASS">
          <params>
            <param index="0">
              <value>
                <![CDATA[testuser3]]>
              </value>
            </param>
          </params>
          <reporter-output>
          </reporter-output>
        </test-method> <!-- testDeleteUserByName -->
      </class> <!-- api.test.DDTests -->
    </test> <!-- PetTest -->
  </suite> <!-- PetSuite -->
</testng-results>
