<?xml version="1.0" encoding="UTF-8"?>
<!-- Generated by org.testng.reporters.JUnitXMLReporter -->
<testsuite ignored="0" hostname="DESKTOP-8I8VLRQ" failures="0" tests="10" name="PetTest" time="16.25" errors="0" timestamp="2023-09-26T12:43:00 IST">
  <testcase classname="api.test.UserTests2" name="testPostUser" time="2.681"/>
  <testcase classname="api.test.UserTests2" name="testGetUser" time="1.173"/>
  <testcase classname="api.test.UserTests2" name="testPutUser" time="2.238"/>
  <testcase classname="api.test.UserTests2" name="testDeleteUser" time="1.173"/>
  <testcase classname="api.test.DDTests" name="testPostUser" time="1.19"/>
  <testcase classname="api.test.DDTests" name="testPostUser" time="1.142"/>
  <testcase classname="api.test.DDTests" name="testPostUser" time="1.126"/>
  <testcase classname="api.test.DDTests" name="testDeleteUserByName" time="1.13"/>
  <testcase classname="api.test.DDTests" name="testDeleteUserByName" time="1.144"/>
  <testcase classname="api.test.DDTests" name="testDeleteUserByName" time="1.157"/>
</testsuite> <!-- PetTest -->
