<?xml version="1.0" encoding="UTF-8"?>
<!-- Generated by org.testng.reporters.JUnitXMLReporter -->
<testsuite ignored="0" hostname="DESKTOP-8I8VLRQ" failures="0" tests="10" name="PetTest" time="16.869" errors="0" timestamp="2023-09-26T11:09:38 IST">
  <testcase classname="api.test.UserTests2" name="testPostUser" time="2.572"/>
  <testcase classname="api.test.UserTests2" name="testGetUser" time="1.233"/>
  <testcase classname="api.test.UserTests2" name="testPutUser" time="2.554"/>
  <testcase classname="api.test.UserTests2" name="testDeleteUser" time="1.319"/>
  <testcase classname="api.test.DDTests" name="testPostUser" time="1.375"/>
  <testcase classname="api.test.DDTests" name="testPostUser" time="1.205"/>
  <testcase classname="api.test.DDTests" name="testPostUser" time="1.131"/>
  <testcase classname="api.test.DDTests" name="testDeleteUserByName" time="1.128"/>
  <testcase classname="api.test.DDTests" name="testDeleteUserByName" time="1.144"/>
  <testcase classname="api.test.DDTests" name="testDeleteUserByName" time="1.183"/>
</testsuite> <!-- PetTest -->
